<?xml version="1.0" encoding="UTF-8"?>
<testng-results skipped="0" failed="0" total="1" passed="1">
  <reporter-output>
  </reporter-output>
  <suite name="Gradle suite" duration-ms="167" started-at="2011-08-16T20:13:30Z" finished-at="2011-08-16T20:13:31Z">
    <groups>
    </groups>
    <test name="Gradle test" duration-ms="167" started-at="2011-08-16T20:13:30Z" finished-at="2011-08-16T20:13:31Z">
      <class name="org.elasticsearch.webhooks.test.WebHooksTests">
        <test-method status="PASS" signature="setup()" name="setup" is-config="true" duration-ms="17" started-at="2011-08-16T20:13:30Z" finished-at="2011-08-16T20:13:30Z">
        </test-method>
        <test-method status="PASS" signature="testNothing()" name="testNothing" duration-ms="122" started-at="2011-08-16T20:13:30Z" finished-at="2011-08-16T20:13:31Z">
        </test-method>
        <test-method status="PASS" signature="tearDown()" name="tearDown" is-config="true" duration-ms="1" started-at="2011-08-16T20:13:31Z" finished-at="2011-08-16T20:13:31Z">
        </test-method>
      </class>
    </test>
  </suite>
</testng-results>
