<?xml version="1.0" encoding="UTF-8"?>
<testng-results skipped="0" failed="0" total="1" passed="1">
  <reporter-output>
  </reporter-output>
  <suite name="Gradle suite" duration-ms="213" started-at="2011-08-19T11:06:56Z" finished-at="2011-08-19T11:06:56Z">
    <groups>
    </groups>
    <test name="Gradle test" duration-ms="213" started-at="2011-08-19T11:06:56Z" finished-at="2011-08-19T11:06:56Z">
      <class name="org.elasticsearch.webhooks.test.WebHooksTests">
        <test-method status="PASS" signature="setup()" name="setup" is-config="true" duration-ms="19" started-at="2011-08-19T11:06:56Z" finished-at="2011-08-19T11:06:56Z">
        </test-method>
        <test-method status="PASS" signature="testNothing()" name="testNothing" duration-ms="158" started-at="2011-08-19T11:06:56Z" finished-at="2011-08-19T11:06:56Z">
        </test-method>
        <test-method status="PASS" signature="tearDown()" name="tearDown" is-config="true" duration-ms="0" started-at="2011-08-19T11:06:56Z" finished-at="2011-08-19T11:06:56Z">
        </test-method>
      </class>
    </test>
  </suite>
</testng-results>
